19-04-2017 22:23:04 [DEBUG][Application] [main        :13] - Start session
19-04-2017 22:23:04 [DEBUG][Validator  ] [getUserInput:40] - User input: -login jdoe -pass sup3rpaZZ -role READ -res a.b
19-04-2017 22:23:05 [DEBUG][Application] [main        :52] - Authentication: success
19-04-2017 22:23:05 [ERROR][Application] [main        :59] - Resource a.b with role READ isn't found.(Exit-code - 4)
19-04-2017 22:24:32 [DEBUG][Application] [main        :13] - Start session
19-04-2017 22:24:32 [DEBUG][Validator  ] [getUserInput:40] - User input: -login jdoe -pass sup3rpaZZ -role READ -res a.b
19-04-2017 22:24:32 [DEBUG][Application] [main        :52] - Authentication: success
19-04-2017 22:24:32 [ERROR][Application] [main        :59] - Resource a.b with role READ isn't found.(Exit-code - 4)
19-04-2017 22:43:00 [DEBUG][Application] [main        :13] - Start session
19-04-2017 22:43:00 [DEBUG][Validator  ] [getUserInput:40] - User input: -login jdoe -pass sup3rpaZZ -role READ -res a.b
19-04-2017 22:43:00 [DEBUG][Application] [main        :52] - Authentication: success
19-04-2017 22:43:00 [ERROR][Application] [main        :59] - Resource a.b with role READ isn't found.(Exit-code - 4)
19-04-2017 22:43:18 [DEBUG][Application] [main        :13] - Start session
19-04-2017 22:43:19 [DEBUG][Validator  ] [getUserInput:40] - User input: -login jdoe -pass sup3rpaZZ -role READ -res a.b
19-04-2017 22:43:19 [DEBUG][Application] [main        :52] - Authentication: success
19-04-2017 22:44:11 [ERROR][Application] [main        :59] - Resource a.b with role READ isn't found.(Exit-code - 4)
19-04-2017 22:44:16 [DEBUG][Application] [main        :13] - Start session
19-04-2017 22:44:16 [DEBUG][Validator  ] [getUserInput:40] - User input: -login jdoe -pass sup3rpaZZ -role READ -res a.b
19-04-2017 22:44:16 [DEBUG][Application] [main        :52] - Authentication: success
19-04-2017 22:44:16 [DEBUG][Application] [main        :70] - Resource a.b - ok
19-04-2017 22:44:16 [DEBUG][Application] [main        :71] - Authorisation: success
19-04-2017 22:44:16 [DEBUG][Application] [main        :91] - End session
19-04-2017 22:49:10 [DEBUG][Application] [main        :13] - Start session
19-04-2017 22:49:10 [DEBUG][Validator  ] [getUserInput:40] - User input: -login jdoe -pass sup3rpaZZ -role XXX -res a.b
19-04-2017 22:49:10 [DEBUG][Application] [main        :52] - Authentication: success
19-04-2017 22:49:10 [ERROR][Application] [main        :59] - Resource a.b with role XXX isn't found.(Exit-code - 4)
19-04-2017 22:57:28 [DEBUG][Application] [main        :13] - Start session
19-04-2017 22:57:28 [DEBUG][Validator  ] [getUserInput:40] - User input: -login jdoe -pass sup3rpaZZ -role XXX -res a.b
19-04-2017 22:57:28 [DEBUG][Application] [main        :52] - Authentication: success
19-04-2017 22:57:28 [ERROR][Connector  ] [isRoleValid :92] - Role XXX isn't exist.(Exit-code - 3)
20-04-2017 15:43:30 [DEBUG][Application] [main        :15] - Start session
20-04-2017 15:43:31 [DEBUG][Application] [main        :15] - Start session
20-04-2017 15:43:31 [DEBUG][Application] [main        :15] - Start session
20-04-2017 15:43:32 [DEBUG][Application] [main        :15] - Start session
20-04-2017 15:43:33 [DEBUG][Application] [main        :15] - Start session
20-04-2017 15:43:34 [DEBUG][Application] [main        :15] - Start session
20-04-2017 15:43:35 [DEBUG][Application] [main        :15] - Start session
20-04-2017 15:43:35 [DEBUG][Application] [main        :15] - Start session
20-04-2017 15:43:36 [DEBUG][Application] [main        :15] - Start session
20-04-2017 15:43:37 [DEBUG][Application] [main        :15] - Start session
20-04-2017 15:43:38 [DEBUG][Application] [main        :15] - Start session
20-04-2017 15:43:39 [DEBUG][Application] [main        :15] - Start session
20-04-2017 15:43:39 [DEBUG][Application] [main        :15] - Start session
20-04-2017 15:43:40 [DEBUG][Application] [main        :15] - Start session
20-04-2017 15:43:41 [DEBUG][Application] [main        :15] - Start session
20-04-2017 15:43:42 [DEBUG][Application] [main        :15] - Start session
